0 info it worked if it ends with ok
1 verbose cli [ 'D:\\Program Files\\nodejs\\node.exe',
1 verbose cli   'D:\\Program Files\\nodejs\\node_modules\\npm\\bin\\npm-cli.js',
1 verbose cli   'run',
1 verbose cli   'pack' ]
2 info using npm@2.15.1
3 info using node@v4.4.4
4 verbose run-script [ 'prepack', 'pack', 'postpack' ]
5 info prepack widgets@1.0.0
6 info pack widgets@1.0.0
7 verbose unsafe-perm in lifecycle true
8 info widgets@1.0.0 Failed to exec pack script
9 verbose stack Error: widgets@1.0.0 pack: `webpack --config ./build/webpack.config.js`
9 verbose stack Exit status 1
9 verbose stack     at EventEmitter.<anonymous> (D:\Program Files\nodejs\node_modules\npm\lib\utils\lifecycle.js:217:16)
9 verbose stack     at emitTwo (events.js:87:13)
9 verbose stack     at EventEmitter.emit (events.js:172:7)
9 verbose stack     at ChildProcess.<anonymous> (D:\Program Files\nodejs\node_modules\npm\lib\utils\spawn.js:24:14)
9 verbose stack     at emitTwo (events.js:87:13)
9 verbose stack     at ChildProcess.emit (events.js:172:7)
9 verbose stack     at maybeClose (internal/child_process.js:827:16)
9 verbose stack     at Process.ChildProcess._handle.onexit (internal/child_process.js:211:5)
10 verbose pkgid widgets@1.0.0
11 verbose cwd E:\vue\bh-vue-demo\apps
12 error Windows_NT 10.0.14393
13 error argv "D:\\Program Files\\nodejs\\node.exe" "D:\\Program Files\\nodejs\\node_modules\\npm\\bin\\npm-cli.js" "run" "pack"
14 error node v4.4.4
15 error npm  v2.15.1
16 error code ELIFECYCLE
17 error widgets@1.0.0 pack: `webpack --config ./build/webpack.config.js`
17 error Exit status 1
18 error Failed at the widgets@1.0.0 pack script 'webpack --config ./build/webpack.config.js'.
18 error This is most likely a problem with the widgets package,
18 error not with npm itself.
18 error Tell the author that this fails on your system:
18 error     webpack --config ./build/webpack.config.js
18 error You can get information on how to open an issue for this project with:
18 error     npm bugs widgets
18 error Or if that isn't available, you can get their info via:
18 error
18 error     npm owner ls widgets
18 error There is likely additional logging output above.
19 verbose exit [ 1, true ]
